0: 0.000, 2.365399, 2350856, 396662, 1140716
1: 0.250, 1.744417, 4356416, 1183132, 2673438
2: 0.500, 1.418153, 5589018, 1946030, 4058226
3: 0.750, 1.215410, 6483428, 2673818, 5272688
4: 1.000, 1.086647, 7323414, 3384896, 6389408
5: 1.250, 1.002047, 8173756, 4079235, 7468356
6: 1.500, 0.936981, 8985512, 4759594, 8468506
7: 1.750, 0.884503, 9790048, 5439828, 9434062
8: 2.000, 0.845757, 10643558, 6118655, 10332756
9: 2.250, 0.810945, 11408330, 6763049, 11201850
10: 2.500, 0.775445, 12088950, 7400763, 12079770
11: 2.750, 0.747063, 12825166, 8043602, 12896620
12: 3.000, 0.716902, 13524468, 8699975, 13689562
13: 3.250, 0.686127, 14169862, 9351889, 14445044
14: 3.500, 0.656729, 14795368, 10001924, 15173078
15: 3.750, 0.636097, 15507470, 10650938, 15922938
16: 4.000, 0.617979, 16227924, 11287774, 16615882
17: 4.250, 0.600120, 16890452, 11904656, 17302348
18: 4.500, 0.578884, 17464752, 12512459, 17952682
19: 4.750, 0.563263, 18042542, 13076889, 18572356
20: 5.000, 0.550818, 18703934, 13664759, 19202864
21: 5.250, 0.539617, 19387974, 14255545, 19816358
22: 5.500, 0.531521, 20119876, 14840914, 20410642
23: 5.750, 0.525316, 20833444, 15397683, 20986410
24: 6.000, 0.517978, 21485448, 15937597, 21554504
25: 6.250, 0.506370, 22086664, 16497045, 22096368
26: 6.500, 0.494538, 22637182, 17033830, 22613912
27: 6.750, 0.482267, 23159742, 17576908, 23166518
28: 7.000, 0.474486, 23814602, 18132012, 23690000
29: 7.250, 0.466954, 24395052, 18653604, 24223326
30: 7.500, 0.452089, 24820628, 19181578, 24716644
31: 7.750, 0.431622, 25170182, 19738331, 25170710
32: 8.000, 0.416179, 25583426, 20287296, 25677654
33: 8.250, 0.406892, 26092188, 20797372, 26137832
34: 8.500, 0.397438, 26643280, 21323447, 26559280
35: 8.750, 0.389912, 27239406, 21848819, 26976810
36: 9.000, 0.381755, 27862884, 22406007, 27414902
37: 9.250, 0.381305, 28679180, 22947532, 27826146
38: 9.500, 0.379082, 29416280, 23474382, 28236394
39: 9.750, 0.379264, 30147104, 23961504, 28636824
40: 10.000, 0.372547, 30692338, 24461560, 29055216
41: 10.250, 0.363790, 31114014, 24916651, 29423122
42: 10.500, 0.348994, 31414192, 25409998, 29808950
43: 10.750, 0.329608, 31573616, 25898686, 30167066
44: 11.000, 0.316678, 31991820, 26414966, 30495324
45: 11.250, 0.313273, 32620548, 26912211, 30876720
46: 11.500, 0.304882, 33175358, 27424489, 31179756
47: 11.750, 0.299263, 33749032, 27917437, 31518036
48: 12.000, 0.292767, 34319930, 28434091, 31882354
49: 12.250, 0.281705, 34713606, 28919313, 32194306
50: 12.500, 0.269656, 35100178, 29421989, 32510430
51: 12.750, 0.256179, 35402048, 29903786, 32811022
52: 13.000, 0.244510, 35741446, 30372906, 33096888
53: 13.250, 0.234289, 36038442, 30802029, 33388074
54: 13.500, 0.231342, 36517486, 31215191, 33711888
55: 13.750, 0.221847, 36798308, 31614375, 33965594
56: 14.000, 0.208955, 37035318, 32062254, 34244828
57: 14.250, 0.204129, 37508556, 32487042, 34510026
58: 14.500, 0.193533, 37879280, 32966844, 34786822
59: 14.750, 0.184692, 38171144, 33374584, 35051812
60: 15.000, 0.176273, 38528860, 33806213, 35307284
61: 15.250, 0.172071, 39033570, 34230158, 35542600
62: 15.500, 0.166644, 39425012, 34634097, 35810834
63: 15.750, 0.153707, 39586192, 35055455, 36068748
64: 16.000, 0.136257, 39635442, 35503933, 36321460
65: 16.250, 0.122672, 39729846, 35899852, 36554024
66: 16.500, 0.118546, 40072602, 36244595, 36776254
67: 16.750, 0.115100, 40423648, 36590316, 37017720
68: 17.000, 0.106348, 40669240, 36962420, 37213150
69: 17.250, 0.097991, 40970774, 37369532, 37436736
70: 17.500, 0.093112, 41375022, 37750523, 37629818
71: 17.750, 0.091950, 41845848, 38102234, 37837788
72: 18.000, 0.088965, 42264640, 38442221, 38000502
73: 18.250, 0.091527, 42779834, 38743138, 38203056
74: 18.500, 0.094273, 43343078, 39061532, 38400066
75: 18.750, 0.091574, 43792886, 39412303, 38563108
76: 19.000, 0.086664, 44164198, 39757400, 38704926
77: 19.250, 0.078400, 44358914, 40098159, 38886060
78: 19.500, 0.067957, 44558180, 40479871, 39055670
79: 19.750, 0.063866, 44870568, 40792014, 39218154
80: 20.000, 0.062844, 45332938, 41119210, 39380310
81: 20.250, 0.059753, 45680650, 41424537, 39530488
82: 20.500, 0.054389, 45931440, 41709017, 39642704
83: 20.750, 0.049955, 46172096, 41985658, 39786780
84: 21.000, 0.044804, 46443638, 42285345, 39915402
85: 21.250, 0.040519, 46815632, 42599315, 40003908
86: 21.500, 0.036990, 47145894, 42910390, 40160426
87: 21.750, 0.036090, 47560210, 43205766, 40305972
88: 22.000, 0.035228, 48046602, 43529823, 40437592
89: 22.250, 0.036157, 48460924, 43770820, 40546772
90: 22.500, 0.038167, 48882718, 43989530, 40647752
91: 22.750, 0.036892, 49203900, 44238409, 40777278
92: 23.000, 0.031018, 49359380, 44474828, 40857578
93: 23.250, 0.028809, 49653644, 44714777, 40955822
94: 23.500, 0.027237, 49995566, 44962241, 41046892
95: 23.750, 0.021355, 50057022, 45160066, 41141670
96: 24.000, 0.016233, 50112068, 45342972, 41243390
97: 24.250, 0.014933, 50242618, 45462876, 41299870
98: 24.500, 0.008572, 50250600, 45629543, 41363030
99: 24.750, 0.009114, 50483288, 45772481, 41439372
100: 25.000, 0.012519, 50757260, 45876762, 41516006
101: 25.250, 0.013212, 51089044, 46065421, 41591314
102: 25.500, 0.014397, 51391984, 46222963, 41653624
103: 25.750, 0.017110, 51789920, 46393292, 41710326
104: 26.000, 0.020166, 52082448, 46500936, 41761604
105: 26.250, 0.023769, 52364466, 46605824, 41841714
106: 26.500, 0.025148, 52752774, 46796473, 41893722
107: 26.750, 0.022317, 52954282, 46984218, 41950350
108: 27.000, 0.018807, 52920374, 47068225, 42006078
109: 27.250, 0.018015, 52945224, 47091234, 41993778
110: 27.500, 0.016697, 52945024, 47136311, 42029378
111: 27.750, 0.016186, 53003200, 47211269, 42100768
112: 28.000, 0.019934, 53267640, 47287466, 42147476
113: 28.250, 0.024758, 53379554, 47267923, 42201106
114: 28.500, 0.026701, 53512668, 47314917, 42245172
115: 28.750, 0.024872, 53543336, 47388769, 42285928
116: 29.000, 0.023913, 53596176, 47451459, 42318702
117: 29.250, 0.020997, 53571026, 47522871, 42364232
118: 29.500, 0.016806, 53493876, 47574097, 42366346
119: 29.750, 0.015429, 53500098, 47618908, 42391782
120: 30.000, 0.008824, 53284110, 47660569, 42411262
121: 30.250, 0.007732, 53269636, 47690241, 42438966
122: 30.500, 0.005496, 53268156, 47742295, 42449736
123: 30.750, 0.003180, 53281228, 47796452, 42446672
124: 31.000, 101.175270, 53246918, 47859299, 42450554
125: 31.250, 101.186523, 53291800, 47887023, 42445680
126: 31.500, 101.208244, 53313720, 47907516, 42436286
127: 31.750, 101.289116, 53349750, 47980040, 42400980
128: 32.000, 101.358971, 53441200, 48048916, 42371010
129: 32.250, 101.381218, 53531160, 48084268, 42361806
130: 32.500, 101.463593, 53484296, 48110543, 42326084
131: 32.750, 101.463921, 53443034, 48127000, 42325210
132: 33.000, 101.540009, 53592960, 48116670, 42294872
133: 33.250, 0.000867, 53925124, 48093979, 42299498
134: 33.500, 0.001094, 54025988, 48129964, 42280190
135: 33.750, 0.003405, 54111472, 48119379, 42271240
136: 34.000, 0.002277, 54164130, 48143851, 42219696
137: 34.250, 0.005799, 54340914, 48140274, 42184252
138: 34.500, 0.010066, 54508098, 48120253, 42156750
139: 34.750, 0.005452, 54304212, 48103339, 42132190
140: 35.000, 102.125328, 53917784, 48079820, 42054008
141: 35.250, 102.216187, 53683030, 48039874, 42014726
142: 35.500, 102.373840, 53515022, 48034340, 41947840
143: 35.750, 102.502670, 53435192, 48046910, 41893564
144: 36.000, 102.625404, 53209312, 47999217, 41841684
145: 36.250, 102.780502, 53022592, 47914236, 41777762
146: 36.500, 102.919060, 52653752, 47844895, 41718704
147: 36.750, 103.052063, 52260006, 47755737, 41662224
148: 37.000, 103.168694, 51747832, 47706009, 41610622
149: 37.250, 103.286957, 51327960, 47654183, 41559424
150: 37.500, 103.430023, 51065064, 47623877, 41499402
151: 37.750, 103.553612, 50980598, 47536009, 41450282
152: 38.000, 103.809242, 50907902, 47481614, 41347566
153: 38.250, 104.040634, 50786018, 47333018, 41256414
154: 38.500, 104.195084, 50564552, 47279503, 41193560
155: 38.750, 104.322403, 50145164, 47148103, 41141284
156: 39.000, 104.533661, 49810336, 47009006, 41056788
157: 39.250, 104.742836, 49517504, 46906580, 40973160
158: 39.500, 104.961487, 49265154, 46807003, 40886472
159: 39.750, 105.264900, 49057564, 46675427, 40768024
160: 40.000, 105.507942, 48750994, 46560026, 40672488
161: 40.250, 105.768585, 48447896, 46432587, 40570844
162: 40.500, 105.910172, 48204726, 46250767, 40517240
163: 40.750, 106.160339, 47740392, 46032832, 40420580
164: 41.000, 106.309196, 47280744, 45840749, 40362730
165: 41.250, 106.527802, 46867202, 45689851, 40278058
166: 41.500, 106.824936, 46574590, 45477869, 40166204
167: 41.750, 107.072144, 46576730, 45269501, 40076542
168: 42.000, 107.314949, 46481070, 45002312, 39989146
169: 42.250, 107.518257, 46283494, 44761551, 39915484
170: 42.500, 107.841469, 45949028, 44536095, 39795824
171: 42.750, 108.155609, 45801744, 44230093, 39683492
172: 43.000, 108.399437, 45632308, 43937138, 39597276
173: 43.250, 108.700569, 45275930, 43744799, 39486822
174: 43.500, 108.982300, 45073082, 43490098, 39386642
175: 43.750, 109.277618, 45027870, 43292137, 39282458
176: 44.000, 109.612587, 44929958, 43103176, 39163884
177: 44.250, 109.929115, 44642784, 42856375, 39051974
178: 44.500, 110.306641, 44285152, 42602889, 38918466
179: 44.750, 110.649200, 44036582, 42421961, 38797910
180: 45.000, 111.088638, 43797402, 42224910, 38644450
181: 45.250, 111.588081, 43347202, 42047197, 38469064
182: 45.500, 111.973839, 42902512, 41868191, 38334558
183: 45.750, 112.458366, 42787528, 41666573, 38170500
184: 46.000, 112.751205, 42603832, 41466611, 38072412
185: 46.250, 113.169548, 42509838, 41307975, 37932410
186: 46.500, 113.566978, 42170130, 41105791, 37799060
187: 46.750, 114.018303, 41659656, 40848433, 37648152
188: 47.000, 114.468338, 40953972, 40641274, 37496266
189: 47.250, 114.919838, 40379242, 40379359, 37347208
190: 47.500, 115.382957, 39918866, 40071084, 37197362
191: 47.750, 115.758842, 39536786, 39692217, 37078796
192: 48.000, 116.181122, 39048584, 39392470, 36943826
193: 48.250, 116.638397, 38484166, 39087884, 36798120
194: 48.500, 117.202423, 37897338, 38815427, 36619148
195: 48.750, 117.728447, 37381278, 38565576, 36453988
196: 49.000, 118.159096, 36885590, 38279841, 36320638
197: 49.250, 118.635918, 36350950, 38014998, 36173374
198: 49.500, 119.134758, 35677488, 37755087, 36019328
199: 49.750, 119.535881, 35061136, 37459939, 35897220
200: 50.000, 120.084000, 34646738, 37188435, 35733070
201: 50.250, 120.694824, 34189694, 36961794, 35550686
202: 50.500, 121.228966, 33733322, 36746371, 35392538
203: 50.750, 121.727226, 33269476, 36523060, 35246322
204: 51.000, 122.286095, 32893408, 36244317, 35085406
205: 51.250, 122.943527, 32590360, 35951107, 34898574
206: 51.500, 123.528763, 32354166, 35751279, 34733226
207: 51.750, 124.077553, 31934796, 35460317, 34579674
208: 52.000, 124.610741, 31583036, 35166927, 34432418
209: 52.250, 125.196144, 31171326, 34953432, 34270242
210: 52.500, 125.904671, 30663552, 34713350, 34075620
211: 52.750, 126.515213, 30196110, 34472011, 33909988
212: 53.000, 127.113708, 29757284, 34234289, 33749354
213: 53.250, 127.856148, 29400338, 33968291, 33553210
214: 53.500, 128.536789, 28929406, 33727652, 33374224
215: 53.750, 129.241013, 28471076, 33517495, 33190656
216: 54.000, 129.852493, 28159216, 33303935, 33034042
217: 54.250, 130.576782, 27787748, 33072246, 32850104
218: 54.500, 131.342575, 27494952, 32828239, 32658598
219: 54.750, 132.221588, 27005448, 32540869, 32440476
220: 55.000, 132.879410, 26465726, 32281693, 32278500
221: 55.250, 133.548721, 25941754, 31951673, 32116536
222: 55.500, 134.447708, 25456854, 31607699, 31901700
223: 55.750, 135.098328, 25104680, 31320931, 31748570
224: 56.000, 135.922852, 24671418, 31051163, 31555342
225: 56.250, 136.808304, 24231024, 30817413, 31349804
226: 56.500, 137.590561, 23772484, 30511400, 31171384
227: 56.750, 138.368256, 23283300, 30223624, 30995542
228: 57.000, 139.236145, 22858184, 29936923, 30802014
229: 57.250, 140.069153, 22460670, 29674343, 30618432
230: 57.500, 141.132584, 22066720, 29390254, 30387320
231: 57.750, 142.151917, 21732430, 29131226, 30169178
232: 58.000, 143.155212, 21389904, 28847134, 29957840
233: 58.250, 144.270477, 21026600, 28588390, 29725712
234: 58.500, 145.294327, 20788324, 28261903, 29517668
235: 58.750, 146.236099, 20490770, 27936682, 29328692
236: 59.000, 147.309814, 20172826, 27652829, 29115166
237: 59.250, 148.557251, 19864522, 27332271, 28871284
238: 59.500, 149.579666, 19606492, 27085967, 28674192
239: 59.750, 150.689331, 19340860, 26847412, 28463040
240: 60.000, 151.766388, 19020152, 26583915, 28261070
241: 60.250, 152.930038, 18666378, 26317340, 28045796
242: 60.500, 154.001358, 18296658, 26071603, 27850216
243: 60.750, 155.044266, 18052658, 25809271, 27663486
244: 61.000, 156.185318, 17814766, 25525051, 27462212
245: 61.250, 157.341660, 17576146, 25274225, 27260776
246: 61.500, 158.548904, 17333942, 25025049, 27053512
247: 61.750, 159.676224, 17114580, 24795242, 26862824
248: 62.000, 161.030594, 16884632, 24578849, 26636746
249: 62.250, 162.141647, 16628116, 24338985, 26454474
250: 62.500, 163.417877, 16282208, 24109290, 26247302
251: 62.750, 164.873962, 15892472, 23846601, 26014912
252: 63.000, 166.173157, 15699706, 23573623, 25812426
253: 63.250, 167.573853, 15592054, 23304049, 25597964
254: 63.500, 168.968414, 15344688, 23061356, 25386852
255: 63.750, 170.213928, 15049276, 22819955, 25201096
256: 64.000, 171.676636, 14807128, 22599684, 24986284
257: 64.250, 173.030716, 14526556, 22348315, 24790906
258: 64.500, 174.668243, 14356078, 22103385, 24558990
259: 64.750, 176.309174, 14125022, 21890178, 24330228
260: 65.000, 177.832214, 13882894, 21670049, 24121794
261: 65.250, 179.499207, 13616790, 21469226, 23897280
262: 65.500, 181.059952, 13363068, 21258805, 23691068
263: 65.750, 182.827835, 13153854, 21036762, 23462016
264: 66.000, 184.568680, 12933730, 20770174, 23241222
265: 66.250, 186.628586, 12705908, 20530323, 22984674
266: 66.500, 188.681808, 12461692, 20276925, 22734622
267: 66.750, 190.853943, 12193390, 20006045, 22475954
268: 67.000, 193.144409, 11937346, 19693864, 22209946
269: 67.250, 195.515717, 11658396, 19442660, 21940336
270: 67.500, 197.749771, 11372820, 19191540, 21692310
271: 67.750, 199.902237, 11205848, 18959857, 21459052
272: 68.000, 201.993210, 10947894, 18740663, 21236708
273: 68.250, 204.388443, 10693374, 18493733, 20987786
274: 68.500, 206.547272, 10462616, 18194637, 20769142
275: 68.750, 209.138702, 10299382, 17913674, 20512472
276: 69.000, 211.389313, 10118480, 17603921, 20295128
277: 69.250, 213.743149, 9862332, 17260752, 20072600
278: 69.500, 216.038635, 9537696, 16926026, 19859934
279: 69.750, 218.560425, 9244936, 16617807, 19631220
280: 70.000, 221.423248, 9023458, 16357669, 19377608
281: 70.250, 224.254364, 8897602, 16117601, 19133466
282: 70.500, 226.932968, 8702730, 15845028, 18908174
283: 70.750, 229.875061, 8501814, 15565029, 18666686
284: 71.000, 232.677597, 8395034, 15325338, 18442490
285: 71.250, 235.489899, 8221770, 15127823, 18222250
286: 71.500, 239.061447, 8068834, 14925708, 17949924
287: 71.750, 242.249863, 7928868, 14692098, 17714050
288: 72.000, 245.753601, 7798972, 14453175, 17461888
289: 72.250, 249.160065, 7664652, 14207281, 17223630
290: 72.500, 252.853424, 7534842, 13937517, 16972678
291: 72.750, 256.483917, 7409948, 13622551, 16733468
292: 73.000, 260.228210, 7251582, 13333436, 16493390
293: 73.250, 264.202789, 7020564, 13067371, 16245470
294: 73.500, 267.991333, 6747810, 12795141, 16015968
295: 73.750, 271.654449, 6481742, 12496721, 15800426
296: 74.000, 275.899506, 6253556, 12209070, 15557696
297: 74.250, 280.071136, 6083382, 11920947, 15326590
298: 74.500, 284.204407, 5943028, 11593479, 15104720
299: 74.750, 289.309906, 5773858, 11287883, 14838774
300: 75.000, 294.864960, 5628152, 11036697, 14559484
301: 75.250, 299.886322, 5442916, 10796231, 14315870
302: 75.500, 305.462708, 5260390, 10563545, 14054596
303: 75.750, 311.434479, 5036240, 10314758, 13785112
304: 76.000, 316.937408, 4799946, 10042436, 13545982
305: 76.250, 323.363220, 4630566, 9694049, 13277600
306: 76.500, 329.517731, 4505994, 9303746, 13030852
307: 76.750, 335.105408, 4352248, 8965566, 12814484
308: 77.000, 341.733704, 4244232, 8676096, 12566586
309: 77.250, 348.911499, 4169282, 8423232, 12308562
310: 77.500, 356.713013, 4052378, 8175141, 12039676
311: 77.750, 364.755127, 3945042, 7933327, 11774530
312: 78.000, 372.594482, 3834316, 7699654, 11527088
313: 78.250, 0.006989, 3768498, 7469682, 11249486
314: 78.500, 0.011121, 3657770, 7266111, 10996746
315: 78.750, 0.013907, 3580598, 7099051, 10767248
316: 79.000, 0.014292, 3464700, 6914316, 10514196
317: 79.250, 0.006889, 3321044, 6751466, 10252516
318: 79.500, 430.499084, 3183706, 6618103, 9976540
319: 79.750, 440.913666, 3018962, 6461765, 9740690
320: 80.000, 451.921387, 2952446, 6304158, 9503456
321: 80.250, 463.974152, 2908310, 6156814, 9256590
322: 80.500, 477.803558, 2821214, 6035686, 8988434
323: 80.750, 491.093323, 2726378, 5903991, 8745040
324: 81.000, 503.350098, 2639090, 5769140, 8532034
325: 81.250, 518.512878, 2526392, 5630672, 8282368
326: 81.500, 534.681702, 2433726, 5479732, 8031832
327: 81.750, 552.629028, 2349098, 5354332, 7770816
328: 82.000, 570.489563, 2258126, 5217870, 7527424
329: 82.250, 590.287415, 2147720, 5069906, 7274846
330: 82.500, 610.458801, 2036522, 4908580, 7034416
331: 82.750, 631.641296, 1971584, 4689499, 6798730
332: 83.000, 652.664185, 1883944, 4517602, 6579794
333: 83.250, 678.662537, 1827216, 4348213, 6327778
334: 83.500, 706.363342, 1722392, 4165861, 6079644
335: 83.750, 738.223206, 1635222, 3965289, 5817332
336: 84.000, 770.187134, 1558736, 3781624, 5575968
337: 84.250, 806.747009, 1494018, 3607755, 5323316
338: 84.500, 846.122375, 1393924, 3434056, 5075588
339: 84.750, 885.193359, 1320248, 3249067, 4851642
340: 85.000, 928.126709, 1216248, 3078417, 4627228
341: 85.250, 978.133789, 1087664, 2930580, 4390590
342: 85.500, 1030.702637, 996692, 2751084, 4166700
343: 85.750, 1085.790894, 904710, 2563455, 3955366
344: 86.000, 1153.205322, 830174, 2390948, 3724176
345: 86.250, 1233.774902, 759522, 2248412, 3480952
346: 86.500, 1318.407715, 691284, 2109278, 3257488
347: 86.750, 1431.129761, 611924, 1977140, 3000864
348: 87.000, 1547.955811, 550656, 1837388, 2774380
349: 87.250, 1686.446289, 508756, 1672745, 2546584
350: 87.500, 1869.921265, 460864, 1487900, 2296754
351: 87.750, 2091.554199, 398742, 1331977, 2053380
352: 88.000, 2361.634033, 349098, 1185574, 1818556
353: 88.250, 2780.147705, 286514, 1038218, 1544782
354: 88.500, 3324.505127, 228326, 892733, 1291832
355: 88.750, 4071.626465, 177686, 715978, 1054804
356: 89.000, 5273.197266, 115580, 528682, 814466
357: 89.250, 7256.724121, 59824, 363504, 591850
358: 89.500, 11803.195312, 21312, 214579, 363878
359: 89.750, 32519.361328, 2438, 69850, 132074
360: 90.000, 0.000000, 0, 0, 0
361: 90.250, 0.000000, 0, 0, 0
362: 90.500, 0.000000, 0, 0, 0
363: 90.750, 0.000000, 0, 0, 0
364: 91.000, 0.000000, 0, 0, 0
365: 91.250, 0.000000, 0, 0, 0
366: 91.500, 0.000000, 0, 0, 0
367: 91.750, 0.000000, 0, 0, 0
368: 92.000, 0.000000, 0, 0, 0
369: 92.250, 0.000000, 0, 0, 0
370: 92.500, 0.000000, 0, 0, 0
371: 92.750, 0.000000, 0, 0, 0
372: 93.000, 0.000000, 0, 0, 0
373: 93.250, 0.000000, 0, 0, 0
374: 93.500, 0.000000, 0, 0, 0
375: 93.750, 0.000000, 0, 0, 0
376: 94.000, 0.000000, 0, 0, 0
377: 94.250, 0.000000, 0, 0, 0
378: 94.500, 0.000000, 0, 0, 0
379: 94.750, 0.000000, 0, 0, 0
380: 95.000, 0.000000, 0, 0, 0
381: 95.250, 0.000000, 0, 0, 0
382: 95.500, 0.000000, 0, 0, 0
383: 95.750, 0.000000, 0, 0, 0
384: 96.000, 0.000000, 0, 0, 0
385: 96.250, 0.000000, 0, 0, 0
386: 96.500, 0.000000, 0, 0, 0
387: 96.750, 0.000000, 0, 0, 0
388: 97.000, 0.000000, 0, 0, 0
389: 97.250, 0.000000, 0, 0, 0
390: 97.500, 0.000000, 0, 0, 0
391: 97.750, 0.000000, 0, 0, 0
392: 98.000, 0.000000, 0, 0, 0
393: 98.250, 0.000000, 0, 0, 0
394: 98.500, 0.000000, 0, 0, 0
395: 98.750, 0.000000, 0, 0, 0
396: 99.000, 0.000000, 0, 0, 0
397: 99.250, 0.000000, 0, 0, 0
398: 99.500, 0.000000, 0, 0, 0
399: 99.750, 0.000000, 0, 0, 0
400: 100.000, 0.000000, 0, 0, 0
401: 100.250, 0.000000, 0, 0, 0
402: 100.500, 0.000000, 0, 0, 0
403: 100.750, 0.000000, 0, 0, 0
404: 101.000, 0.000000, 0, 0, 0
405: 101.250, 0.000000, 0, 0, 0
406: 101.500, 0.000000, 0, 0, 0
407: 101.750, 0.000000, 0, 0, 0
408: 102.000, 0.000000, 0, 0, 0
409: 102.250, 0.000000, 0, 0, 0
410: 102.500, 0.000000, 0, 0, 0
411: 102.750, 0.000000, 0, 0, 0
412: 103.000, 0.000000, 0, 0, 0
413: 103.250, 0.000000, 0, 0, 0
414: 103.500, 0.000000, 0, 0, 0
415: 103.750, 0.000000, 0, 0, 0
416: 104.000, 0.000000, 0, 0, 0
417: 104.250, 0.000000, 0, 0, 0
418: 104.500, 0.000000, 0, 0, 0
419: 104.750, 0.000000, 0, 0, 0
420: 105.000, 0.000000, 0, 0, 0
421: 105.250, 0.000000, 0, 0, 0
422: 105.500, 0.000000, 0, 0, 0
423: 105.750, 0.000000, 0, 0, 0
424: 106.000, 0.000000, 0, 0, 0
425: 106.250, 0.000000, 0, 0, 0
426: 106.500, 0.000000, 0, 0, 0
427: 106.750, 0.000000, 0, 0, 0
428: 107.000, 0.000000, 0, 0, 0
429: 107.250, 0.000000, 0, 0, 0
430: 107.500, 0.000000, 0, 0, 0
431: 107.750, 0.000000, 0, 0, 0
432: 108.000, 0.000000, 0, 0, 0
433: 108.250, 0.000000, 0, 0, 0
434: 108.500, 0.000000, 0, 0, 0
435: 108.750, 0.000000, 0, 0, 0
436: 109.000, 0.000000, 0, 0, 0
437: 109.250, 0.000000, 0, 0, 0
438: 109.500, 0.000000, 0, 0, 0
439: 109.750, 0.000000, 0, 0, 0
440: 110.000, 0.000000, 0, 0, 0
441: 110.250, 0.000000, 0, 0, 0
442: 110.500, 0.000000, 0, 0, 0
443: 110.750, 0.000000, 0, 0, 0
444: 111.000, 0.000000, 0, 0, 0
445: 111.250, 0.000000, 0, 0, 0
446: 111.500, 0.000000, 0, 0, 0
447: 111.750, 0.000000, 0, 0, 0
448: 112.000, 0.000000, 0, 0, 0
449: 112.250, 0.000000, 0, 0, 0
450: 112.500, 0.000000, 0, 0, 0
451: 112.750, 0.000000, 0, 0, 0
452: 113.000, 0.000000, 0, 0, 0
453: 113.250, 0.000000, 0, 0, 0
454: 113.500, 0.000000, 0, 0, 0
455: 113.750, 0.000000, 0, 0, 0
456: 114.000, 0.000000, 0, 0, 0
457: 114.250, 0.000000, 0, 0, 0
458: 114.500, 0.000000, 0, 0, 0
459: 114.750, 0.000000, 0, 0, 0
460: 115.000, 0.000000, 0, 0, 0
461: 115.250, 0.000000, 0, 0, 0
462: 115.500, 0.000000, 0, 0, 0
463: 115.750, 0.000000, 0, 0, 0
464: 116.000, 0.000000, 0, 0, 0
465: 116.250, 0.000000, 0, 0, 0
466: 116.500, 0.000000, 0, 0, 0
467: 116.750, 0.000000, 0, 0, 0
468: 117.000, 0.000000, 0, 0, 0
469: 117.250, 0.000000, 0, 0, 0
470: 117.500, 0.000000, 0, 0, 0
471: 117.750, 0.000000, 0, 0, 0
472: 118.000, 0.000000, 0, 0, 0
473: 118.250, 0.000000, 0, 0, 0
474: 118.500, 0.000000, 0, 0, 0
475: 118.750, 0.000000, 0, 0, 0
476: 119.000, 0.000000, 0, 0, 0
477: 119.250, 0.000000, 0, 0, 0
478: 119.500, 0.000000, 0, 0, 0
479: 119.750, 0.000000, 0, 0, 0
480: 120.000, 0.000000, 0, 0, 0
481: 120.250, 0.000000, 0, 0, 0
482: 120.500, 0.000000, 0, 0, 0
483: 120.750, 0.000000, 0, 0, 0
484: 121.000, 0.000000, 0, 0, 0
485: 121.250, 0.000000, 0, 0, 0
486: 121.500, 0.000000, 0, 0, 0
487: 121.750, 0.000000, 0, 0, 0
488: 122.000, 0.000000, 0, 0, 0
489: 122.250, 0.000000, 0, 0, 0
490: 122.500, 0.000000, 0, 0, 0
491: 122.750, 0.000000, 0, 0, 0
492: 123.000, 0.000000, 0, 0, 0
493: 123.250, 0.000000, 0, 0, 0
494: 123.500, 0.000000, 0, 0, 0
495: 123.750, 0.000000, 0, 0, 0
496: 124.000, 0.000000, 0, 0, 0
497: 124.250, 0.000000, 0, 0, 0
498: 124.500, 0.000000, 0, 0, 0
499: 124.750, 0.000000, 0, 0, 0
500: 125.000, 0.000000, 0, 0, 0
501: 125.250, 0.000000, 0, 0, 0
502: 125.500, 0.000000, 0, 0, 0
503: 125.750, 0.000000, 0, 0, 0
504: 126.000, 0.000000, 0, 0, 0
505: 126.250, 0.000000, 0, 0, 0
506: 126.500, 0.000000, 0, 0, 0
507: 126.750, 0.000000, 0, 0, 0
508: 127.000, 0.000000, 0, 0, 0
509: 127.250, 0.000000, 0, 0, 0
510: 127.500, 0.000000, 0, 0, 0
511: 127.750, 0.000000, 0, 0, 0
512: 128.000, 0.000000, 0, 0, 0
513: 128.250, 0.000000, 0, 0, 0
514: 128.500, 0.000000, 0, 0, 0
515: 128.750, 0.000000, 0, 0, 0
516: 129.000, 0.000000, 0, 0, 0
517: 129.250, 0.000000, 0, 0, 0
518: 129.500, 0.000000, 0, 0, 0
519: 129.750, 0.000000, 0, 0, 0
520: 130.000, 0.000000, 0, 0, 0
521: 130.250, 0.000000, 0, 0, 0
522: 130.500, 0.000000, 0, 0, 0
523: 130.750, 0.000000, 0, 0, 0
524: 131.000, 0.000000, 0, 0, 0
525: 131.250, 0.000000, 0, 0, 0
526: 131.500, 0.000000, 0, 0, 0
527: 131.750, 0.000000, 0, 0, 0
528: 132.000, 0.000000, 0, 0, 0
529: 132.250, 0.000000, 0, 0, 0
530: 132.500, 0.000000, 0, 0, 0
531: 132.750, 0.000000, 0, 0, 0
532: 133.000, 0.000000, 0, 0, 0
533: 133.250, 0.000000, 0, 0, 0
534: 133.500, 0.000000, 0, 0, 0
535: 133.750, 0.000000, 0, 0, 0
536: 134.000, 0.000000, 0, 0, 0
537: 134.250, 0.000000, 0, 0, 0
538: 134.500, 0.000000, 0, 0, 0
539: 134.750, 0.000000, 0, 0, 0
540: 135.000, 0.000000, 0, 0, 0
541: 135.250, 0.000000, 0, 0, 0
542: 135.500, 0.000000, 0, 0, 0
543: 135.750, 0.000000, 0, 0, 0
544: 136.000, 0.000000, 0, 0, 0
545: 136.250, 0.000000, 0, 0, 0
546: 136.500, 0.000000, 0, 0, 0
547: 136.750, 0.000000, 0, 0, 0
548: 137.000, 0.000000, 0, 0, 0
549: 137.250, 0.000000, 0, 0, 0
550: 137.500, 0.000000, 0, 0, 0
551: 137.750, 0.000000, 0, 0, 0
552: 138.000, 0.000000, 0, 0, 0
553: 138.250, 0.000000, 0, 0, 0
554: 138.500, 0.000000, 0, 0, 0
555: 138.750, 0.000000, 0, 0, 0
556: 139.000, 0.000000, 0, 0, 0
557: 139.250, 0.000000, 0, 0, 0
558: 139.500, 0.000000, 0, 0, 0
559: 139.750, 0.000000, 0, 0, 0
560: 140.000, 0.000000, 0, 0, 0
561: 140.250, 0.000000, 0, 0, 0
562: 140.500, 0.000000, 0, 0, 0
563: 140.750, 0.000000, 0, 0, 0
564: 141.000, 0.000000, 0, 0, 0
565: 141.250, 0.000000, 0, 0, 0
566: 141.500, 0.000000, 0, 0, 0
567: 141.750, 0.000000, 0, 0, 0
568: 142.000, 0.000000, 0, 0, 0
569: 142.250, 0.000000, 0, 0, 0
570: 142.500, 0.000000, 0, 0, 0
571: 142.750, 0.000000, 0, 0, 0
572: 143.000, 0.000000, 0, 0, 0
573: 143.250, 0.000000, 0, 0, 0
574: 143.500, 0.000000, 0, 0, 0
575: 143.750, 0.000000, 0, 0, 0
576: 144.000, 0.000000, 0, 0, 0
577: 144.250, 0.000000, 0, 0, 0
578: 144.500, 0.000000, 0, 0, 0
579: 144.750, 0.000000, 0, 0, 0
580: 145.000, 0.000000, 0, 0, 0
581: 145.250, 0.000000, 0, 0, 0
582: 145.500, 0.000000, 0, 0, 0
583: 145.750, 0.000000, 0, 0, 0
584: 146.000, 0.000000, 0, 0, 0
585: 146.250, 0.000000, 0, 0, 0
586: 146.500, 0.000000, 0, 0, 0
587: 146.750, 0.000000, 0, 0, 0
588: 147.000, 0.000000, 0, 0, 0
589: 147.250, 0.000000, 0, 0, 0
590: 147.500, 0.000000, 0, 0, 0
591: 147.750, 0.000000, 0, 0, 0
592: 148.000, 0.000000, 0, 0, 0
593: 148.250, 0.000000, 0, 0, 0
594: 148.500, 0.000000, 0, 0, 0
595: 148.750, 0.000000, 0, 0, 0
596: 149.000, 0.000000, 0, 0, 0
597: 149.250, 0.000000, 0, 0, 0
598: 149.500, 0.000000, 0, 0, 0
599: 149.750, 0.000000, 0, 0, 0
600: 150.000, 0.000000, 0, 0, 0
601: 150.250, 0.000000, 0, 0, 0
602: 150.500, 0.000000, 0, 0, 0
603: 150.750, 0.000000, 0, 0, 0
604: 151.000, 0.000000, 0, 0, 0
605: 151.250, 0.000000, 0, 0, 0
606: 151.500, 0.000000, 0, 0, 0
607: 151.750, 0.000000, 0, 0, 0
608: 152.000, 0.000000, 0, 0, 0
609: 152.250, 0.000000, 0, 0, 0
610: 152.500, 0.000000, 0, 0, 0
611: 152.750, 0.000000, 0, 0, 0
612: 153.000, 0.000000, 0, 0, 0
613: 153.250, 0.000000, 0, 0, 0
614: 153.500, 0.000000, 0, 0, 0
615: 153.750, 0.000000, 0, 0, 0
616: 154.000, 0.000000, 0, 0, 0
617: 154.250, 0.000000, 0, 0, 0
618: 154.500, 0.000000, 0, 0, 0
619: 154.750, 0.000000, 0, 0, 0
620: 155.000, 0.000000, 0, 0, 0
621: 155.250, 0.000000, 0, 0, 0
622: 155.500, 0.000000, 0, 0, 0
623: 155.750, 0.000000, 0, 0, 0
624: 156.000, 0.000000, 0, 0, 0
625: 156.250, 0.000000, 0, 0, 0
626: 156.500, 0.000000, 0, 0, 0
627: 156.750, 0.000000, 0, 0, 0
628: 157.000, 0.000000, 0, 0, 0
629: 157.250, 0.000000, 0, 0, 0
630: 157.500, 0.000000, 0, 0, 0
631: 157.750, 0.000000, 0, 0, 0
632: 158.000, 0.000000, 0, 0, 0
633: 158.250, 0.000000, 0, 0, 0
634: 158.500, 0.000000, 0, 0, 0
635: 158.750, 0.000000, 0, 0, 0
636: 159.000, 0.000000, 0, 0, 0
637: 159.250, 0.000000, 0, 0, 0
638: 159.500, 0.000000, 0, 0, 0
639: 159.750, 0.000000, 0, 0, 0
640: 160.000, 0.000000, 0, 0, 0
641: 160.250, 0.000000, 0, 0, 0
642: 160.500, 0.000000, 0, 0, 0
643: 160.750, 0.000000, 0, 0, 0
644: 161.000, 0.000000, 0, 0, 0
645: 161.250, 0.000000, 0, 0, 0
646: 161.500, 0.000000, 0, 0, 0
647: 161.750, 0.000000, 0, 0, 0
648: 162.000, 0.000000, 0, 0, 0
649: 162.250, 0.000000, 0, 0, 0
650: 162.500, 0.000000, 0, 0, 0
651: 162.750, 0.000000, 0, 0, 0
652: 163.000, 0.000000, 0, 0, 0
653: 163.250, 0.000000, 0, 0, 0
654: 163.500, 0.000000, 0, 0, 0
655: 163.750, 0.000000, 0, 0, 0
656: 164.000, 0.000000, 0, 0, 0
657: 164.250, 0.000000, 0, 0, 0
658: 164.500, 0.000000, 0, 0, 0
659: 164.750, 0.000000, 0, 0, 0
660: 165.000, 0.000000, 0, 0, 0
661: 165.250, 0.000000, 0, 0, 0
662: 165.500, 0.000000, 0, 0, 0
663: 165.750, 0.000000, 0, 0, 0
664: 166.000, 0.000000, 0, 0, 0
665: 166.250, 0.000000, 0, 0, 0
666: 166.500, 0.000000, 0, 0, 0
667: 166.750, 0.000000, 0, 0, 0
668: 167.000, 0.000000, 0, 0, 0
669: 167.250, 0.000000, 0, 0, 0
670: 167.500, 0.000000, 0, 0, 0
671: 167.750, 0.000000, 0, 0, 0
672: 168.000, 0.000000, 0, 0, 0
673: 168.250, 0.000000, 0, 0, 0
674: 168.500, 0.000000, 0, 0, 0
675: 168.750, 0.000000, 0, 0, 0
676: 169.000, 0.000000, 0, 0, 0
677: 169.250, 0.000000, 0, 0, 0
678: 169.500, 0.000000, 0, 0, 0
679: 169.750, 0.000000, 0, 0, 0
680: 170.000, 0.000000, 0, 0, 0
681: 170.250, 0.000000, 0, 0, 0
682: 170.500, 0.000000, 0, 0, 0
683: 170.750, 0.000000, 0, 0, 0
684: 171.000, 0.000000, 0, 0, 0
685: 171.250, 0.000000, 0, 0, 0
686: 171.500, 0.000000, 0, 0, 0
687: 171.750, 0.000000, 0, 0, 0
688: 172.000, 0.000000, 0, 0, 0
689: 172.250, 0.000000, 0, 0, 0
690: 172.500, 0.000000, 0, 0, 0
691: 172.750, 0.000000, 0, 0, 0
692: 173.000, 0.000000, 0, 0, 0
693: 173.250, 0.000000, 0, 0, 0
694: 173.500, 0.000000, 0, 0, 0
695: 173.750, 0.000000, 0, 0, 0
696: 174.000, 0.000000, 0, 0, 0
697: 174.250, 0.000000, 0, 0, 0
698: 174.500, 0.000000, 0, 0, 0
699: 174.750, 0.000000, 0, 0, 0
700: 175.000, 0.000000, 0, 0, 0
701: 175.250, 0.000000, 0, 0, 0
702: 175.500, 0.000000, 0, 0, 0
703: 175.750, 0.000000, 0, 0, 0
704: 176.000, 0.000000, 0, 0, 0
705: 176.250, 0.000000, 0, 0, 0
706: 176.500, 0.000000, 0, 0, 0
707: 176.750, 0.000000, 0, 0, 0
708: 177.000, 0.000000, 0, 0, 0
709: 177.250, 0.000000, 0, 0, 0
710: 177.500, 0.000000, 0, 0, 0
711: 177.750, 0.000000, 0, 0, 0
712: 178.000, 0.000000, 0, 0, 0
713: 178.250, 0.000000, 0, 0, 0
714: 178.500, 0.000000, 0, 0, 0
715: 178.750, 0.000000, 0, 0, 0
716: 179.000, 0.000000, 0, 0, 0
717: 179.250, 0.000000, 0, 0, 0
718: 179.500, 0.000000, 0, 0, 0
719: 179.750, 0.000000, 0, 0, 0
